<?xml version="1.0" encoding="UTF-8"?>
<!-- Generated by org.testng.reporters.JUnitXMLReporter -->
<testsuite ignored="0" hostname="Ayazs-MacBook-Air.local" failures="0" tests="3" name="Default test" time="0.029" errors="0" timestamp="2022-07-23T20:41:52 IST">
  <testcase classname="testNG.TestNGAnnotations2" name="test1Function" time="0.004"/>
  <testcase classname="testNG.TestNGAnnotations2" name="test3Function" time="0.001"/>
  <testcase classname="testNG.TestNGAnnotations2" name="test2Function" time="0.0"/>
</testsuite> <!-- Default test -->
