<?xml version="1.0" encoding="UTF-8"?>
<!-- Generated by org.testng.reporters.JUnitXMLReporter -->
<testsuite ignored="0" hostname="Ayazs-MacBook-Air.local" failures="0" tests="3" name="Third Test" time="0.008" errors="0" timestamp="2022-07-23T21:19:50 IST">
  <testcase classname="testNG.TestNGAnnotations2" name="test1Function" time="0.0"/>
  <testcase classname="testNG.TestNGAnnotations2" name="test3Function" time="0.0"/>
  <testcase classname="testNG.TestNGAnnotations2" name="test2Function" time="0.001"/>
</testsuite> <!-- Third Test -->
